<?xml version="1.0" encoding="UTF-8"?>
<testng-results ignored="0" total="1" passed="1" failed="0" skipped="0">
  <reporter-output>
  </reporter-output>
  <suite started-at="2021-09-06T07:12:13Z" name="Default suite" finished-at="2021-09-06T07:12:22Z" duration-ms="9046">
    <groups>
    </groups>
    <test started-at="2021-09-06T07:12:13Z" name="Default test" finished-at="2021-09-06T07:12:22Z" duration-ms="9046">
      <class name="productSearch.st.Story1_SearchBar">
        <test-method is-config="true" signature="SetUp()[pri:0, instance:productSearch.st.Story1_SearchBar@7674b62c]" started-at="2021-09-06T07:12:13Z" name="SetUp" finished-at="2021-09-06T07:12:13Z" duration-ms="11" status="PASS">
          <reporter-output>
          </reporter-output>
        </test-method> <!-- SetUp -->
        <test-method signature="TC_01_searchProduct()[pri:0, instance:productSearch.st.Story1_SearchBar@7674b62c]" started-at="2021-09-06T07:12:13Z" name="TC_01_searchProduct" finished-at="2021-09-06T07:12:22Z" duration-ms="9014" status="PASS">
          <reporter-output>
          </reporter-output>
        </test-method> <!-- TC_01_searchProduct -->
      </class> <!-- productSearch.st.Story1_SearchBar -->
    </test> <!-- Default test -->
  </suite> <!-- Default suite -->
</testng-results>
